INFO 2023-08-24 01:52:11,880 autoreload Watching for file changes with StatReloader 
INFO 2023-08-24 01:52:17,519 autoreload C:\Users\afaan\Desktop\IDEAS\Ideas App\ideasApi\models.py changed, reloading. 
INFO 2023-08-24 01:52:20,241 autoreload Watching for file changes with StatReloader 
INFO 2023-08-24 01:52:32,491 autoreload C:\Users\afaan\Desktop\IDEAS\Ideas App\ideas\settings.py changed, reloading. 
INFO 2023-08-24 01:52:40,966 autoreload Watching for file changes with StatReloader 
INFO 2023-08-24 01:53:03,206 basehttp "GET /admin/ HTTP/1.1" 200 10191 
INFO 2023-08-24 01:53:08,078 basehttp "GET /admin/ideasApi/proposal/ HTTP/1.1" 200 14793 
INFO 2023-08-24 01:53:08,147 basehttp "GET /admin/jsi18n/ HTTP/1.1" 200 3343 
INFO 2023-08-24 01:53:13,278 basehttp "POST /admin/ideasApi/proposal/ HTTP/1.1" 200 10167 
INFO 2023-08-24 01:53:15,334 basehttp "POST /admin/ideasApi/proposal/ HTTP/1.1" 302 0 
INFO 2023-08-24 01:53:15,408 basehttp "GET /admin/ideasApi/proposal/ HTTP/1.1" 200 12516 
INFO 2023-08-24 01:53:15,454 basehttp "GET /admin/jsi18n/ HTTP/1.1" 200 3343 
INFO 2023-08-24 01:53:30,257 autoreload C:\Users\afaan\Desktop\IDEAS\Ideas App\ideasApi\models.py changed, reloading. 
INFO 2023-08-24 01:53:32,716 autoreload Watching for file changes with StatReloader 
INFO 2023-08-24 01:56:52,386 autoreload C:\Users\afaan\Desktop\IDEAS\Ideas App\ideasApi\models.py changed, reloading. 
INFO 2023-08-24 02:02:33,476 autoreload Watching for file changes with StatReloader 
WARNING 2023-08-24 02:03:01,649 log Unauthorized: /api/v1/create-proposal/ 
WARNING 2023-08-24 02:03:01,651 basehttp "POST /api/v1/create-proposal/ HTTP/1.1" 401 183 
INFO 2023-08-24 02:03:16,510 basehttp "POST /account/api/token/ HTTP/1.1" 200 633 
INFO 2023-08-24 02:03:33,008 basehttp "POST /api/v1/create-proposal/ HTTP/1.1" 201 254 
INFO 2023-08-24 02:03:49,030 basehttp "POST /api/v1/create-proposal/ HTTP/1.1" 201 255 
INFO 2023-08-24 03:03:27,565 basehttp "GET /admin/ HTTP/1.1" 200 10444 
INFO 2023-08-24 03:23:05,641 basehttp "GET /admin/ideasApi/proposal/ HTTP/1.1" 200 14938 
INFO 2023-08-24 03:23:05,693 basehttp "GET /admin/jsi18n/ HTTP/1.1" 200 3343 
INFO 2023-08-24 03:24:17,853 basehttp "GET /admin/ideasApi/otp/ HTTP/1.1" 200 11636 
INFO 2023-08-24 03:24:17,895 basehttp "GET /admin/jsi18n/ HTTP/1.1" 200 3343 
INFO 2023-08-24 03:24:25,760 basehttp "GET /admin/auth/user/ HTTP/1.1" 200 14006 
INFO 2023-08-24 03:24:25,804 basehttp "GET /admin/jsi18n/ HTTP/1.1" 200 3343 
INFO 2023-08-24 19:52:58,883 autoreload Watching for file changes with StatReloader 
WARNING 2023-08-24 19:54:02,189 log Not Found: /account/api/sent/otp/ 
WARNING 2023-08-24 19:54:02,191 basehttp "POST /account/api/sent/otp/ HTTP/1.1" 404 3331 
INFO 2023-08-24 19:54:14,558 basehttp "POST /account/api/sent/otp HTTP/1.1" 200 108 
INFO 2023-08-24 20:18:08,045 basehttp "POST /account/api/token/ HTTP/1.1" 200 633 
INFO 2023-08-24 21:42:34,170 autoreload Watching for file changes with StatReloader 
WARNING 2023-08-24 21:43:06,608 log Unauthorized: /api/v1/create-proposal/ 
WARNING 2023-08-24 21:43:06,611 basehttp "POST /api/v1/create-proposal/ HTTP/1.1" 401 183 
INFO 2023-08-24 21:43:23,227 basehttp "POST /account/api/token/ HTTP/1.1" 200 633 
INFO 2023-08-24 21:43:39,717 basehttp "POST /api/v1/create-proposal/ HTTP/1.1" 201 254 
INFO 2023-08-24 21:43:59,152 basehttp "POST /api/v1/create-proposal/ HTTP/1.1" 201 254 
INFO 2023-08-24 21:44:02,755 basehttp "POST /api/v1/create-proposal/ HTTP/1.1" 201 254 
INFO 2023-08-24 21:44:04,527 basehttp "POST /api/v1/create-proposal/ HTTP/1.1" 201 254 
INFO 2023-08-24 21:44:34,593 basehttp "POST /api/v1/create-proposal/ HTTP/1.1" 201 254 
INFO 2023-08-24 22:06:06,618 autoreload Watching for file changes with StatReloader 
INFO 2023-08-24 22:06:09,582 basehttp "GET /api/v1/news/ HTTP/1.1" 200 135 
INFO 2023-08-24 22:06:22,945 basehttp "GET /api/v1/news HTTP/1.1" 301 0 
INFO 2023-08-24 22:06:22,966 basehttp "GET /api/v1/news/ HTTP/1.1" 200 135 
INFO 2023-08-24 22:06:27,294 basehttp "GET /api/v1/news/ HTTP/1.1" 200 135 
INFO 2023-08-24 22:06:33,891 basehttp "GET /api/v1/news/AI HTTP/1.1" 301 0 
INFO 2023-08-24 22:06:33,915 basehttp "GET /api/v1/news/AI/ HTTP/1.1" 200 135 
INFO 2023-08-24 22:06:37,157 basehttp "GET /api/v1/news/AI/ HTTP/1.1" 200 135 
WARNING 2023-08-24 22:06:40,396 log Not Found: /api/v1/news/AI/1 
WARNING 2023-08-24 22:06:40,398 basehttp "GET /api/v1/news/AI/1 HTTP/1.1" 404 6227 
INFO 2023-08-24 22:06:46,183 basehttp "GET /api/v1/news HTTP/1.1" 301 0 
INFO 2023-08-24 22:06:46,193 basehttp "GET /api/v1/news/ HTTP/1.1" 200 135 
INFO 2023-08-24 22:08:54,930 autoreload C:\Users\afaan\Desktop\IDEAS\Ideas App\ideasApi\api\views.py changed, reloading. 
INFO 2023-08-24 22:08:57,255 autoreload Watching for file changes with StatReloader 
INFO 2023-08-24 22:08:58,362 basehttp "GET /api/v1/news HTTP/1.1" 301 0 
WARNING 2023-08-24 22:08:58,370 log Bad Request: /api/v1/news/ 
WARNING 2023-08-24 22:08:58,370 basehttp "GET /api/v1/news/ HTTP/1.1" 400 124 
INFO 2023-08-24 22:09:09,294 basehttp "GET /admin/ HTTP/1.1" 200 10444 
WARNING 2023-08-24 22:09:09,865 log Not Found: /favicon.ico 
WARNING 2023-08-24 22:09:09,867 basehttp "GET /favicon.ico HTTP/1.1" 404 2450 
INFO 2023-08-24 22:09:13,023 basehttp "GET /admin/ideasApi/proposal/ HTTP/1.1" 200 17623 
INFO 2023-08-24 22:09:13,111 basehttp "GET /admin/jsi18n/ HTTP/1.1" 200 3343 
INFO 2023-08-24 22:09:17,835 basehttp "GET /admin/ideasApi/news/ HTTP/1.1" 200 12140 
INFO 2023-08-24 22:09:17,868 basehttp "GET /admin/jsi18n/ HTTP/1.1" 200 3343 
INFO 2023-08-24 22:09:19,555 basehttp "GET /admin/ideasApi/news/add/ HTTP/1.1" 200 16346 
INFO 2023-08-24 22:09:20,195 basehttp "GET /static/ckeditor/ckeditor.css HTTP/1.1" 304 0 
INFO 2023-08-24 22:09:20,195 basehttp "GET /static/ckeditor/ckeditor/ckeditor.js HTTP/1.1" 304 0 
INFO 2023-08-24 22:09:20,197 basehttp "GET /static/ckeditor/ckeditor-init.js HTTP/1.1" 304 0 
INFO 2023-08-24 22:09:20,200 basehttp "GET /admin/jsi18n/ HTTP/1.1" 200 3343 
INFO 2023-08-24 22:09:20,323 basehttp "GET /static/ckeditor/ckeditor/config.js?t=N5UC HTTP/1.1" 304 0 
INFO 2023-08-24 22:09:20,340 basehttp "GET /static/ckeditor/ckeditor/lang/en.js?t=N5UC HTTP/1.1" 304 0 
INFO 2023-08-24 22:09:20,341 basehttp "GET /static/ckeditor/ckeditor/skins/moono-lisa/editor.css?t=N5UC HTTP/1.1" 304 0 
INFO 2023-08-24 22:09:20,355 basehttp "GET /static/ckeditor/ckeditor/styles.js?t=N5UC HTTP/1.1" 304 0 
INFO 2023-08-24 22:09:20,375 basehttp "GET /static/ckeditor/ckeditor/plugins/tableselection/styles/tableselection.css?t=N5UC HTTP/1.1" 304 0 
INFO 2023-08-24 22:09:20,375 basehttp "GET /static/ckeditor/ckeditor/plugins/scayt/skins/moono-lisa/scayt.css?t=N5UC HTTP/1.1" 304 0 
INFO 2023-08-24 22:09:20,376 basehttp "GET /static/ckeditor/ckeditor/plugins/scayt/dialogs/dialog.css?t=N5UC HTTP/1.1" 304 0 
INFO 2023-08-24 22:09:20,377 basehttp "GET /static/ckeditor/ckeditor/plugins/dialog/styles/dialog.css?t=N5UC HTTP/1.1" 304 0 
INFO 2023-08-24 22:09:20,384 basehttp "GET /static/ckeditor/ckeditor/plugins/copyformatting/styles/copyformatting.css?t=N5UC HTTP/1.1" 304 0 
INFO 2023-08-24 22:09:21,126 basehttp "GET /static/ckeditor/ckeditor/contents.css?t=N5UC HTTP/1.1" 304 0 
INFO 2023-08-24 22:09:21,129 basehttp "GET /static/ckeditor/ckeditor/skins/moono-lisa/icons.png?t=4a1fb11f44 HTTP/1.1" 304 0 
INFO 2023-08-24 22:09:24,233 basehttp "GET /admin/ideasApi/technology/ HTTP/1.1" 200 11123 
INFO 2023-08-24 22:09:24,300 basehttp "GET /admin/jsi18n/ HTTP/1.1" 200 3343 
WARNING 2023-08-24 22:09:26,776 log Not Found: /favicon.ico 
INFO 2023-08-24 22:09:26,778 basehttp "GET /admin/ideasApi/technology/add/ HTTP/1.1" 200 11597 
WARNING 2023-08-24 22:09:26,779 basehttp "GET /favicon.ico HTTP/1.1" 404 2450 
INFO 2023-08-24 22:09:27,455 basehttp "GET /admin/jsi18n/ HTTP/1.1" 200 3343 
WARNING 2023-08-24 22:09:29,028 log Not Found: /favicon.ico 
WARNING 2023-08-24 22:09:29,029 basehttp "GET /favicon.ico HTTP/1.1" 404 2450 
INFO 2023-08-24 22:09:29,031 basehttp - Broken pipe from ('127.0.0.1', 57933) 
INFO 2023-08-24 22:09:30,449 basehttp "POST /admin/ideasApi/technology/add/ HTTP/1.1" 200 11750 
INFO 2023-08-24 22:09:30,485 basehttp "GET /admin/jsi18n/ HTTP/1.1" 200 3343 
INFO 2023-08-24 22:09:33,602 basehttp "POST /admin/ideasApi/technology/add/ HTTP/1.1" 302 0 
INFO 2023-08-24 22:09:33,676 basehttp "GET /admin/ideasApi/technology/ HTTP/1.1" 200 12874 
INFO 2023-08-24 22:09:33,879 basehttp "GET /admin/jsi18n/ HTTP/1.1" 200 3343 
INFO 2023-08-24 22:09:35,412 basehttp "GET /admin/ideasApi/news/ HTTP/1.1" 200 12140 
INFO 2023-08-24 22:09:35,450 basehttp "GET /admin/jsi18n/ HTTP/1.1" 200 3343 
INFO 2023-08-24 22:09:37,017 basehttp "GET /admin/ideasApi/news/add/ HTTP/1.1" 200 16379 
INFO 2023-08-24 22:09:37,050 basehttp "GET /admin/jsi18n/ HTTP/1.1" 200 3343 
WARNING 2023-08-24 22:09:49,676 log Not Found: /favicon.ico 
WARNING 2023-08-24 22:09:49,677 basehttp "GET /favicon.ico HTTP/1.1" 404 2450 
WARNING 2023-08-24 22:09:50,650 log Not Found: /favicon.ico 
WARNING 2023-08-24 22:09:50,651 basehttp "GET /favicon.ico HTTP/1.1" 404 2450 
INFO 2023-08-24 22:09:50,651 basehttp - Broken pipe from ('127.0.0.1', 57964) 
INFO 2023-08-24 22:10:02,122 basehttp "POST /admin/ideasApi/news/add/ HTTP/1.1" 302 0 
INFO 2023-08-24 22:10:02,186 basehttp "GET /admin/ideasApi/news/ HTTP/1.1" 200 15185 
INFO 2023-08-24 22:10:02,224 basehttp "GET /admin/jsi18n/ HTTP/1.1" 200 3343 
INFO 2023-08-24 22:10:06,741 basehttp "GET /api/v1/news HTTP/1.1" 301 0 
INFO 2023-08-24 22:10:06,753 basehttp "GET /api/v1/news/ HTTP/1.1" 200 334 
INFO 2023-08-24 22:10:33,215 basehttp "GET /api/v1/news/ HTTP/1.1" 200 334 
INFO 2023-08-24 22:10:36,090 basehttp "GET /api/v1/news/A HTTP/1.1" 301 0 
WARNING 2023-08-24 22:10:36,113 log Bad Request: /api/v1/news/A/ 
WARNING 2023-08-24 22:10:36,114 basehttp "GET /api/v1/news/A/ HTTP/1.1" 400 124 
INFO 2023-08-24 22:10:40,495 basehttp "GET /api/v1/news/ HTTP/1.1" 200 334 
INFO 2023-08-24 22:10:46,265 basehttp "GET /api/v1/news/1 HTTP/1.1" 301 0 
WARNING 2023-08-24 22:10:46,292 log Bad Request: /api/v1/news/1/ 
WARNING 2023-08-24 22:10:46,293 basehttp "GET /api/v1/news/1/ HTTP/1.1" 400 124 
INFO 2023-08-24 22:10:49,833 basehttp "GET /api/v1/news/ HTTP/1.1" 200 334 
INFO 2023-08-24 22:14:11,999 autoreload C:\Users\afaan\Desktop\IDEAS\Ideas App\ideasApi\api\serializers.py changed, reloading. 
INFO 2023-08-24 22:14:14,410 autoreload Watching for file changes with StatReloader 
INFO 2023-08-24 22:14:58,489 autoreload C:\Users\afaan\Desktop\IDEAS\Ideas App\ideasApi\api\serializers.py changed, reloading. 
INFO 2023-08-24 22:15:00,846 autoreload Watching for file changes with StatReloader 
INFO 2023-08-24 22:15:16,306 autoreload C:\Users\afaan\Desktop\IDEAS\Ideas App\ideasApi\api\serializers.py changed, reloading. 
INFO 2023-08-24 22:15:18,533 autoreload Watching for file changes with StatReloader 
INFO 2023-08-24 22:15:25,666 autoreload C:\Users\afaan\Desktop\IDEAS\Ideas App\ideasApi\api\serializers.py changed, reloading. 
INFO 2023-08-24 22:15:28,185 autoreload Watching for file changes with StatReloader 
WARNING 2023-08-24 22:15:29,941 log Bad Request: /api/v1/news/ 
WARNING 2023-08-24 22:15:29,942 basehttp "GET /api/v1/news/ HTTP/1.1" 400 141 
INFO 2023-08-24 22:15:43,570 autoreload C:\Users\afaan\Desktop\IDEAS\Ideas App\ideasApi\api\serializers.py changed, reloading. 
INFO 2023-08-24 22:15:46,118 autoreload Watching for file changes with StatReloader 
INFO 2023-08-24 22:16:10,087 autoreload C:\Users\afaan\Desktop\IDEAS\Ideas App\ideasApi\api\serializers.py changed, reloading. 
INFO 2023-08-24 22:16:12,248 autoreload Watching for file changes with StatReloader 
WARNING 2023-08-24 22:16:13,150 log Bad Request: /api/v1/news/ 
WARNING 2023-08-24 22:16:13,151 basehttp "GET /api/v1/news/ HTTP/1.1" 400 141 
WARNING 2023-08-24 22:16:14,949 log Bad Request: /api/v1/news/ 
WARNING 2023-08-24 22:16:14,950 basehttp "GET /api/v1/news/ HTTP/1.1" 400 141 
INFO 2023-08-24 22:16:18,640 autoreload C:\Users\afaan\Desktop\IDEAS\Ideas App\ideasApi\api\serializers.py changed, reloading. 
INFO 2023-08-24 22:16:20,741 autoreload Watching for file changes with StatReloader 
INFO 2023-08-24 22:17:24,748 autoreload C:\Users\afaan\Desktop\IDEAS\Ideas App\ideasApi\api\serializers.py changed, reloading. 
INFO 2023-08-24 22:17:26,977 autoreload Watching for file changes with StatReloader 
INFO 2023-08-24 22:17:32,511 autoreload C:\Users\afaan\Desktop\IDEAS\Ideas App\ideasApi\api\serializers.py changed, reloading. 
INFO 2023-08-24 22:17:34,219 autoreload Watching for file changes with StatReloader 
INFO 2023-08-24 22:17:48,635 basehttp "GET /api/v1/news/ HTTP/1.1" 200 334 
INFO 2023-08-24 22:20:01,931 autoreload C:\Users\afaan\Desktop\IDEAS\Ideas App\ideasApi\api\serializers.py changed, reloading. 
INFO 2023-08-24 22:20:04,138 autoreload Watching for file changes with StatReloader 
INFO 2023-08-24 22:20:34,446 autoreload C:\Users\afaan\Desktop\IDEAS\Ideas App\ideasApi\api\views.py changed, reloading. 
INFO 2023-08-24 22:20:36,479 autoreload Watching for file changes with StatReloader 
INFO 2023-08-24 22:20:43,062 autoreload C:\Users\afaan\Desktop\IDEAS\Ideas App\ideasApi\api\views.py changed, reloading. 
INFO 2023-08-24 22:20:44,767 autoreload Watching for file changes with StatReloader 
WARNING 2023-08-24 22:20:48,331 log Bad Request: /api/v1/news/ 
WARNING 2023-08-24 22:20:48,332 basehttp "GET /api/v1/news/ HTTP/1.1" 400 141 
INFO 2023-08-24 22:21:02,579 autoreload C:\Users\afaan\Desktop\IDEAS\Ideas App\ideasApi\api\serializers.py changed, reloading. 
INFO 2023-08-24 22:21:04,267 autoreload Watching for file changes with StatReloader 
INFO 2023-08-24 22:23:41,792 autoreload C:\Users\afaan\Desktop\IDEAS\Ideas App\ideasApi\api\views.py changed, reloading. 
INFO 2023-08-24 22:23:43,736 autoreload Watching for file changes with StatReloader 
INFO 2023-08-24 22:24:11,068 autoreload C:\Users\afaan\Desktop\IDEAS\Ideas App\ideasApi\api\views.py changed, reloading. 
INFO 2023-08-24 22:24:13,386 autoreload Watching for file changes with StatReloader 
WARNING 2023-08-24 22:24:16,973 log Bad Request: /api/v1/news/ 
WARNING 2023-08-24 22:24:16,974 basehttp "GET /api/v1/news/ HTTP/1.1" 400 148 
WARNING 2023-08-24 22:24:48,657 log Bad Request: /api/v1/news/ 
WARNING 2023-08-24 22:24:48,658 basehttp "GET /api/v1/news/ HTTP/1.1" 400 148 
INFO 2023-08-24 22:25:13,338 autoreload C:\Users\afaan\Desktop\IDEAS\Ideas App\ideasApi\api\views.py changed, reloading. 
INFO 2023-08-24 22:25:14,999 autoreload Watching for file changes with StatReloader 
INFO 2023-08-24 22:28:20,849 autoreload C:\Users\afaan\Desktop\IDEAS\Ideas App\ideasApi\api\serializers.py changed, reloading. 
INFO 2023-08-24 22:28:23,009 autoreload Watching for file changes with StatReloader 
INFO 2023-08-24 22:28:24,975 basehttp "GET /api/v1/news/ HTTP/1.1" 200 333 
INFO 2023-08-24 22:28:34,620 basehttp "GET /api/v1/news/AI HTTP/1.1" 301 0 
INFO 2023-08-24 22:28:34,637 basehttp "GET /api/v1/news/AI/ HTTP/1.1" 200 333 
INFO 2023-08-24 22:28:37,920 basehttp "GET /api/v1/news/AII HTTP/1.1" 301 0 
WARNING 2023-08-24 22:28:37,931 log Bad Request: /api/v1/news/AII/ 
WARNING 2023-08-24 22:28:37,933 basehttp "GET /api/v1/news/AII/ HTTP/1.1" 400 124 
INFO 2023-08-24 22:28:42,251 basehttp "GET /api/v1/news/AI HTTP/1.1" 301 0 
INFO 2023-08-24 22:28:42,276 basehttp "GET /api/v1/news/AI/ HTTP/1.1" 200 333 
INFO 2023-08-24 22:31:48,786 autoreload C:\Users\afaan\Desktop\IDEAS\Ideas App\ideasApi\api\views.py changed, reloading. 
INFO 2023-08-24 22:31:50,404 autoreload Watching for file changes with StatReloader 
INFO 2023-08-24 22:33:55,714 autoreload C:\Users\afaan\Desktop\IDEAS\Ideas App\ideasApi\api\serializers.py changed, reloading. 
INFO 2023-08-24 22:33:57,535 autoreload Watching for file changes with StatReloader 
WARNING 2023-08-24 22:34:07,708 log Bad Request: /api/v1/investments/ 
WARNING 2023-08-24 22:34:07,711 basehttp "GET /api/v1/investments/ HTTP/1.1" 400 124 
WARNING 2023-08-24 22:35:17,857 log Bad Request: /api/v1/investments/ 
WARNING 2023-08-24 22:35:17,858 basehttp "GET /api/v1/investments/ HTTP/1.1" 400 124 
WARNING 2023-08-24 22:35:19,916 log Bad Request: /api/v1/investments/ 
WARNING 2023-08-24 22:35:19,917 basehttp "GET /api/v1/investments/ HTTP/1.1" 400 124 
INFO 2023-08-24 22:35:28,698 basehttp "GET /admin/ideasApi/investment/ HTTP/1.1" 200 12037 
INFO 2023-08-24 22:35:28,760 basehttp "GET /admin/jsi18n/ HTTP/1.1" 200 3343 
INFO 2023-08-24 22:35:31,444 basehttp "GET /admin/ideasApi/investment/add/ HTTP/1.1" 200 15864 
INFO 2023-08-24 22:35:31,505 basehttp "GET /admin/jsi18n/ HTTP/1.1" 200 3343 
WARNING 2023-08-24 22:35:42,254 log Not Found: /favicon.ico 
WARNING 2023-08-24 22:35:42,254 basehttp "GET /favicon.ico HTTP/1.1" 404 2450 
WARNING 2023-08-24 22:35:43,454 log Not Found: /favicon.ico 
WARNING 2023-08-24 22:35:43,456 basehttp "GET /favicon.ico HTTP/1.1" 404 2450 
INFO 2023-08-24 22:35:43,458 basehttp - Broken pipe from ('127.0.0.1', 60210) 
INFO 2023-08-24 22:36:02,438 basehttp "POST /admin/ideasApi/investment/add/ HTTP/1.1" 302 0 
INFO 2023-08-24 22:36:02,527 basehttp "GET /admin/ideasApi/investment/ HTTP/1.1" 200 14939 
INFO 2023-08-24 22:36:02,596 basehttp "GET /admin/jsi18n/ HTTP/1.1" 200 3343 
INFO 2023-08-24 22:36:06,033 basehttp "GET /api/v1/investments/ HTTP/1.1" 200 338 
INFO 2023-08-24 22:36:20,957 basehttp "GET /api/v1/investments/Op HTTP/1.1" 301 0 
WARNING 2023-08-24 22:36:20,977 log Bad Request: /api/v1/investments/Op/ 
WARNING 2023-08-24 22:36:20,978 basehttp "GET /api/v1/investments/Op/ HTTP/1.1" 400 124 
INFO 2023-08-24 22:36:25,097 basehttp "GET /api/v1/investments/ HTTP/1.1" 200 338 
INFO 2023-08-24 22:38:25,512 autoreload C:\Users\afaan\Desktop\IDEAS\Ideas App\ideasApi\api\serializers.py changed, reloading. 
INFO 2023-08-24 22:38:27,790 autoreload Watching for file changes with StatReloader 
INFO 2023-08-24 22:40:03,328 autoreload C:\Users\afaan\Desktop\IDEAS\Ideas App\ideasApi\api\views.py changed, reloading. 
INFO 2023-08-24 22:40:05,417 autoreload Watching for file changes with StatReloader 
WARNING 2023-08-24 22:40:17,653 log Bad Request: /api/v1/events/ 
WARNING 2023-08-24 22:40:17,654 basehttp "GET /api/v1/events/ HTTP/1.1" 400 124 
WARNING 2023-08-24 22:40:18,644 log Bad Request: /api/v1/events/ 
WARNING 2023-08-24 22:40:18,645 basehttp "GET /api/v1/events/ HTTP/1.1" 400 124 
INFO 2023-08-24 22:40:25,118 basehttp "GET /admin/ideasApi/events/ HTTP/1.1" 200 12921 
INFO 2023-08-24 22:40:25,173 basehttp "GET /admin/jsi18n/ HTTP/1.1" 200 3343 
INFO 2023-08-24 22:40:27,914 basehttp "GET /admin/ideasApi/events/add/ HTTP/1.1" 200 17312 
INFO 2023-08-24 22:40:28,176 basehttp "GET /admin/jsi18n/ HTTP/1.1" 200 3343 
WARNING 2023-08-24 22:40:34,782 log Not Found: /favicon.ico 
WARNING 2023-08-24 22:40:34,784 basehttp "GET /favicon.ico HTTP/1.1" 404 2450 
WARNING 2023-08-24 22:40:35,846 log Not Found: /favicon.ico 
WARNING 2023-08-24 22:40:35,847 basehttp "GET /favicon.ico HTTP/1.1" 404 2450 
INFO 2023-08-24 22:40:35,848 basehttp - Broken pipe from ('127.0.0.1', 60586) 
INFO 2023-08-24 22:40:44,004 basehttp "GET /static/admin/img/calendar-icons.svg HTTP/1.1" 200 1094 
INFO 2023-08-24 22:41:00,497 basehttp "POST /admin/ideasApi/events/add/ HTTP/1.1" 302 0 
INFO 2023-08-24 22:41:00,580 basehttp "GET /admin/ideasApi/events/ HTTP/1.1" 200 16367 
INFO 2023-08-24 22:41:00,646 basehttp "GET /admin/jsi18n/ HTTP/1.1" 200 3343 
INFO 2023-08-24 22:41:04,723 basehttp "GET /api/v1/events/ HTTP/1.1" 200 413 
INFO 2023-08-24 22:41:12,633 basehttp "GET /api/v1/events/1 HTTP/1.1" 301 0 
WARNING 2023-08-24 22:41:12,645 log Bad Request: /api/v1/events/1/ 
WARNING 2023-08-24 22:41:12,646 basehttp "GET /api/v1/events/1/ HTTP/1.1" 400 124 
INFO 2023-08-24 22:41:15,454 basehttp "GET /api/v1/events/ HTTP/1.1" 200 413 
INFO 2023-08-24 22:41:21,489 basehttp "GET /api/v1/events/2 HTTP/1.1" 301 0 
WARNING 2023-08-24 22:41:21,508 log Bad Request: /api/v1/events/2/ 
WARNING 2023-08-24 22:41:21,510 basehttp "GET /api/v1/events/2/ HTTP/1.1" 400 124 
INFO 2023-08-24 22:50:03,573 autoreload C:\Users\afaan\Desktop\IDEAS\Ideas App\ideasApi\api\views.py changed, reloading. 
INFO 2023-08-24 22:50:04,901 autoreload Watching for file changes with StatReloader 
INFO 2023-08-24 22:50:07,226 autoreload C:\Users\afaan\Desktop\IDEAS\Ideas App\ideasApi\api\views.py changed, reloading. 
INFO 2023-08-24 22:50:08,282 autoreload Watching for file changes with StatReloader 
INFO 2023-08-24 22:50:16,030 basehttp "GET /api/v1/news/AI HTTP/1.1" 301 0 
INFO 2023-08-24 22:50:16,042 basehttp "GET /api/v1/news/AI/ HTTP/1.1" 200 333 
INFO 2023-08-24 22:50:23,228 basehttp "GET /api/v1/latest-news-images/ HTTP/1.1" 200 185 
INFO 2023-08-24 22:50:43,936 basehttp "POST /admin/ideasApi/events/ HTTP/1.1" 200 10145 
INFO 2023-08-24 22:50:45,722 basehttp "POST /admin/ideasApi/events/ HTTP/1.1" 302 0 
INFO 2023-08-24 22:50:45,768 basehttp "GET /admin/ideasApi/events/ HTTP/1.1" 200 13057 
INFO 2023-08-24 22:50:45,794 basehttp "GET /admin/jsi18n/ HTTP/1.1" 200 3343 
INFO 2023-08-24 22:50:47,602 basehttp "GET /api/v1/latest-news-images/ HTTP/1.1" 200 185 
INFO 2023-08-24 22:50:49,074 basehttp "GET /api/v1/latest-news-images/ HTTP/1.1" 200 185 
INFO 2023-08-24 22:50:52,019 basehttp "GET /admin/ideasApi/news/ HTTP/1.1" 200 14993 
INFO 2023-08-24 22:50:52,038 basehttp "GET /admin/jsi18n/ HTTP/1.1" 200 3343 
INFO 2023-08-24 22:50:55,199 basehttp "POST /admin/ideasApi/news/ HTTP/1.1" 200 10126 
INFO 2023-08-24 22:50:56,555 basehttp "POST /admin/ideasApi/news/ HTTP/1.1" 302 0 
INFO 2023-08-24 22:50:56,802 basehttp "GET /admin/ideasApi/news/ HTTP/1.1" 200 12274 
INFO 2023-08-24 22:50:56,829 basehttp "GET /admin/jsi18n/ HTTP/1.1" 200 3343 
WARNING 2023-08-24 22:50:59,709 log Bad Request: /api/v1/latest-news-images/ 
WARNING 2023-08-24 22:50:59,709 basehttp "GET /api/v1/latest-news-images/ HTTP/1.1" 400 124 
INFO 2023-08-24 22:51:06,162 basehttp "GET /admin/ideasApi/news/add/ HTTP/1.1" 200 16379 
INFO 2023-08-24 22:51:06,189 basehttp "GET /admin/jsi18n/ HTTP/1.1" 200 3343 
WARNING 2023-08-24 22:51:09,003 log Not Found: /favicon.ico 
WARNING 2023-08-24 22:51:09,004 basehttp "GET /favicon.ico HTTP/1.1" 404 2450 
WARNING 2023-08-24 22:51:09,503 log Not Found: /favicon.ico 
WARNING 2023-08-24 22:51:09,504 basehttp "GET /favicon.ico HTTP/1.1" 404 2450 
INFO 2023-08-24 22:51:09,505 basehttp - Broken pipe from ('127.0.0.1', 61463) 
INFO 2023-08-24 22:51:29,579 basehttp "POST /admin/ideasApi/news/add/ HTTP/1.1" 302 0 
INFO 2023-08-24 22:51:29,607 basehttp "GET /admin/ideasApi/news/ HTTP/1.1" 200 15257 
INFO 2023-08-24 22:51:29,632 basehttp "GET /admin/jsi18n/ HTTP/1.1" 200 3343 
INFO 2023-08-24 22:51:31,568 basehttp "GET /admin/ideasApi/news/add/ HTTP/1.1" 200 16379 
INFO 2023-08-24 22:51:31,595 basehttp "GET /admin/jsi18n/ HTTP/1.1" 200 3343 
WARNING 2023-08-24 22:51:34,891 log Not Found: /favicon.ico 
WARNING 2023-08-24 22:51:34,892 basehttp "GET /favicon.ico HTTP/1.1" 404 2450 
WARNING 2023-08-24 22:51:35,401 log Not Found: /favicon.ico 
WARNING 2023-08-24 22:51:35,402 basehttp "GET /favicon.ico HTTP/1.1" 404 2450 
INFO 2023-08-24 22:51:35,402 basehttp - Broken pipe from ('127.0.0.1', 61502) 
INFO 2023-08-24 22:51:59,282 basehttp "POST /admin/ideasApi/news/add/ HTTP/1.1" 302 0 
INFO 2023-08-24 22:51:59,318 basehttp "GET /admin/ideasApi/news/ HTTP/1.1" 200 16398 
INFO 2023-08-24 22:51:59,347 basehttp "GET /admin/jsi18n/ HTTP/1.1" 200 3343 
INFO 2023-08-24 22:52:01,935 basehttp "GET /api/v1/latest-news-images/ HTTP/1.1" 200 273 
INFO 2023-08-24 22:53:24,531 autoreload C:\Users\afaan\Desktop\IDEAS\Ideas App\ideasApi\api\views.py changed, reloading. 
INFO 2023-08-24 22:53:25,665 autoreload Watching for file changes with StatReloader 
INFO 2023-08-24 22:53:37,167 basehttp "GET /api/v1/getnews/1/ HTTP/1.1" 200 357 
INFO 2023-08-24 22:53:46,186 basehttp "GET /api/v1/news/AI HTTP/1.1" 301 0 
INFO 2023-08-24 22:53:46,195 basehttp "GET /api/v1/news/AI/ HTTP/1.1" 200 602 
INFO 2023-08-24 22:54:03,599 basehttp "GET /api/v1/getnews/1/ HTTP/1.1" 200 357 
ERROR 2023-08-24 22:54:22,408 log Internal Server Error: /api/v1/getnews/3/ 
Traceback (most recent call last):
  File "C:\Users\afaan\Desktop\IDEAS\Ideas App\ideasApi\api\views.py", line 233, in get_single_news
    news_item = News.objects.get(news_id=news_id)
                ^^^^^^^^^^^^^^^^^^^^^^^^^^^^^^^^^
  File "C:\Users\afaan\Desktop\IDEAS\Ideas App\env\Lib\site-packages\django\db\models\manager.py", line 87, in manager_method
    return getattr(self.get_queryset(), name)(*args, **kwargs)
           ^^^^^^^^^^^^^^^^^^^^^^^^^^^^^^^^^^^^^^^^^^^^^^^^^^^
  File "C:\Users\afaan\Desktop\IDEAS\Ideas App\env\Lib\site-packages\django\db\models\query.py", line 637, in get
    raise self.model.DoesNotExist(
ideasApi.models.News.DoesNotExist: News matching query does not exist.

During handling of the above exception, another exception occurred:

Traceback (most recent call last):
  File "C:\Users\afaan\Desktop\IDEAS\Ideas App\env\Lib\site-packages\django\core\handlers\exception.py", line 55, in inner
    response = get_response(request)
               ^^^^^^^^^^^^^^^^^^^^^
  File "C:\Users\afaan\Desktop\IDEAS\Ideas App\env\Lib\site-packages\django\core\handlers\base.py", line 197, in _get_response
    response = wrapped_callback(request, *callback_args, **callback_kwargs)
               ^^^^^^^^^^^^^^^^^^^^^^^^^^^^^^^^^^^^^^^^^^^^^^^^^^^^^^^^^^^^
  File "C:\Users\afaan\Desktop\IDEAS\Ideas App\env\Lib\site-packages\django\views\decorators\csrf.py", line 56, in wrapper_view
    return view_func(*args, **kwargs)
           ^^^^^^^^^^^^^^^^^^^^^^^^^^
  File "C:\Users\afaan\Desktop\IDEAS\Ideas App\env\Lib\site-packages\django\views\generic\base.py", line 104, in view
    return self.dispatch(request, *args, **kwargs)
           ^^^^^^^^^^^^^^^^^^^^^^^^^^^^^^^^^^^^^^^
  File "C:\Users\afaan\Desktop\IDEAS\Ideas App\env\Lib\site-packages\rest_framework\views.py", line 509, in dispatch
    response = self.handle_exception(exc)
               ^^^^^^^^^^^^^^^^^^^^^^^^^^
  File "C:\Users\afaan\Desktop\IDEAS\Ideas App\env\Lib\site-packages\rest_framework\views.py", line 469, in handle_exception
    self.raise_uncaught_exception(exc)
  File "C:\Users\afaan\Desktop\IDEAS\Ideas App\env\Lib\site-packages\rest_framework\views.py", line 480, in raise_uncaught_exception
    raise exc
  File "C:\Users\afaan\Desktop\IDEAS\Ideas App\env\Lib\site-packages\rest_framework\views.py", line 506, in dispatch
    response = handler(request, *args, **kwargs)
               ^^^^^^^^^^^^^^^^^^^^^^^^^^^^^^^^^
  File "C:\Users\afaan\Desktop\IDEAS\Ideas App\env\Lib\site-packages\rest_framework\decorators.py", line 50, in handler
    return func(*args, **kwargs)
           ^^^^^^^^^^^^^^^^^^^^^
  File "C:\Users\afaan\Desktop\IDEAS\Ideas App\ideasApi\api\views.py", line 235, in get_single_news
    return Response({"status": "failure", "message": "News item not found"}, status=HTTP_404_NOT_FOUND)
                                                                                    ^^^^^^^^^^^^^^^^^^
NameError: name 'HTTP_404_NOT_FOUND' is not defined
ERROR 2023-08-24 22:54:33,948 basehttp "GET /api/v1/getnews/3/ HTTP/1.1" 500 123749 
INFO 2023-08-24 22:54:40,326 basehttp "GET /api/v1/getnews/2/ HTTP/1.1" 200 361 
INFO 2023-08-24 22:57:09,373 autoreload C:\Users\afaan\Desktop\IDEAS\Ideas App\ideasApi\api\views.py changed, reloading. 
INFO 2023-08-24 22:57:10,426 autoreload Watching for file changes with StatReloader 
INFO 2023-08-24 22:57:12,505 autoreload C:\Users\afaan\Desktop\IDEAS\Ideas App\ideasApi\api\views.py changed, reloading. 
INFO 2023-08-24 22:57:13,492 autoreload Watching for file changes with StatReloader 
INFO 2023-08-24 22:57:15,626 basehttp "GET /api/v1/getnews/2/ HTTP/1.1" 200 361 
ERROR 2023-08-24 22:57:18,497 log Internal Server Error: /api/v1/getnews/3/ 
Traceback (most recent call last):
  File "C:\Users\afaan\Desktop\IDEAS\Ideas App\ideasApi\api\views.py", line 233, in get_single_news
    news_item = News.objects.get(news_id=news_id)
                ^^^^^^^^^^^^^^^^^^^^^^^^^^^^^^^^^
  File "C:\Users\afaan\Desktop\IDEAS\Ideas App\env\Lib\site-packages\django\db\models\manager.py", line 87, in manager_method
    return getattr(self.get_queryset(), name)(*args, **kwargs)
           ^^^^^^^^^^^^^^^^^^^^^^^^^^^^^^^^^^^^^^^^^^^^^^^^^^^
  File "C:\Users\afaan\Desktop\IDEAS\Ideas App\env\Lib\site-packages\django\db\models\query.py", line 637, in get
    raise self.model.DoesNotExist(
ideasApi.models.News.DoesNotExist: News matching query does not exist.

During handling of the above exception, another exception occurred:

Traceback (most recent call last):
  File "C:\Users\afaan\Desktop\IDEAS\Ideas App\env\Lib\site-packages\django\core\handlers\exception.py", line 55, in inner
    response = get_response(request)
               ^^^^^^^^^^^^^^^^^^^^^
  File "C:\Users\afaan\Desktop\IDEAS\Ideas App\env\Lib\site-packages\django\core\handlers\base.py", line 197, in _get_response
    response = wrapped_callback(request, *callback_args, **callback_kwargs)
               ^^^^^^^^^^^^^^^^^^^^^^^^^^^^^^^^^^^^^^^^^^^^^^^^^^^^^^^^^^^^
  File "C:\Users\afaan\Desktop\IDEAS\Ideas App\env\Lib\site-packages\django\views\decorators\csrf.py", line 56, in wrapper_view
    return view_func(*args, **kwargs)
           ^^^^^^^^^^^^^^^^^^^^^^^^^^
  File "C:\Users\afaan\Desktop\IDEAS\Ideas App\env\Lib\site-packages\django\views\generic\base.py", line 104, in view
    return self.dispatch(request, *args, **kwargs)
           ^^^^^^^^^^^^^^^^^^^^^^^^^^^^^^^^^^^^^^^
  File "C:\Users\afaan\Desktop\IDEAS\Ideas App\env\Lib\site-packages\rest_framework\views.py", line 509, in dispatch
    response = self.handle_exception(exc)
               ^^^^^^^^^^^^^^^^^^^^^^^^^^
  File "C:\Users\afaan\Desktop\IDEAS\Ideas App\env\Lib\site-packages\rest_framework\views.py", line 469, in handle_exception
    self.raise_uncaught_exception(exc)
  File "C:\Users\afaan\Desktop\IDEAS\Ideas App\env\Lib\site-packages\rest_framework\views.py", line 480, in raise_uncaught_exception
    raise exc
  File "C:\Users\afaan\Desktop\IDEAS\Ideas App\env\Lib\site-packages\rest_framework\views.py", line 506, in dispatch
    response = handler(request, *args, **kwargs)
               ^^^^^^^^^^^^^^^^^^^^^^^^^^^^^^^^^
  File "C:\Users\afaan\Desktop\IDEAS\Ideas App\env\Lib\site-packages\rest_framework\decorators.py", line 50, in handler
    return func(*args, **kwargs)
           ^^^^^^^^^^^^^^^^^^^^^
  File "C:\Users\afaan\Desktop\IDEAS\Ideas App\ideasApi\api\views.py", line 235, in get_single_news
    return Response({"status": "failure", "message": "News item not found"}, status=HTTP_404_NOT_FOUND)
                                                                                    ^^^^^^^^^^^^^^^^^^
NameError: name 'HTTP_404_NOT_FOUND' is not defined
ERROR 2023-08-24 22:57:26,508 basehttp "GET /api/v1/getnews/3/ HTTP/1.1" 500 123751 
INFO 2023-08-24 22:57:35,799 autoreload C:\Users\afaan\Desktop\IDEAS\Ideas App\ideasApi\api\views.py changed, reloading. 
INFO 2023-08-24 22:57:36,868 autoreload Watching for file changes with StatReloader 
INFO 2023-08-24 22:57:40,007 autoreload C:\Users\afaan\Desktop\IDEAS\Ideas App\ideasApi\api\views.py changed, reloading. 
INFO 2023-08-24 22:57:41,051 autoreload Watching for file changes with StatReloader 
INFO 2023-08-24 22:58:02,488 autoreload C:\Users\afaan\Desktop\IDEAS\Ideas App\ideasApi\api\views.py changed, reloading. 
INFO 2023-08-24 22:58:03,868 autoreload Watching for file changes with StatReloader 
WARNING 2023-08-24 22:58:05,427 log Not Found: /api/v1/getnews/3/ 
WARNING 2023-08-24 22:58:05,427 basehttp "GET /api/v1/getnews/3/ HTTP/1.1" 404 52 
INFO 2023-08-24 22:58:49,143 autoreload C:\Users\afaan\Desktop\IDEAS\Ideas App\ideasApi\api\views.py changed, reloading. 
INFO 2023-08-24 22:58:50,162 autoreload Watching for file changes with StatReloader 
INFO 2023-08-24 22:59:53,690 autoreload C:\Users\afaan\Desktop\IDEAS\Ideas App\ideasApi\api\views.py changed, reloading. 
INFO 2023-08-24 22:59:54,875 autoreload Watching for file changes with StatReloader 
WARNING 2023-08-24 22:59:56,619 log Bad Request: /api/v1/getnews/3/ 
WARNING 2023-08-24 22:59:56,619 basehttp "GET /api/v1/getnews/3/ HTTP/1.1" 400 186 
INFO 2023-08-24 23:00:03,369 basehttp "GET /api/v1/getnews/2/ HTTP/1.1" 200 361 
WARNING 2023-08-24 23:00:06,460 log Bad Request: /api/v1/getnews/3/ 
WARNING 2023-08-24 23:00:06,460 basehttp "GET /api/v1/getnews/3/ HTTP/1.1" 400 186 
INFO 2023-08-24 23:00:30,896 autoreload C:\Users\afaan\Desktop\IDEAS\Ideas App\ideasApi\api\views.py changed, reloading. 
INFO 2023-08-24 23:00:31,954 autoreload Watching for file changes with StatReloader 
WARNING 2023-08-24 23:00:34,355 log Bad Request: /api/v1/getnews/33/ 
WARNING 2023-08-24 23:00:34,356 basehttp "GET /api/v1/getnews/33/ HTTP/1.1" 400 186 
INFO 2023-08-24 23:00:36,718 basehttp "GET /api/v1/getnews/31 HTTP/1.1" 301 0 
WARNING 2023-08-24 23:00:36,723 log Bad Request: /api/v1/getnews/31/ 
WARNING 2023-08-24 23:00:36,724 basehttp "GET /api/v1/getnews/31/ HTTP/1.1" 400 186 
INFO 2023-08-24 23:00:38,561 basehttp "GET /api/v1/getnews/3 HTTP/1.1" 301 0 
WARNING 2023-08-24 23:00:38,570 log Bad Request: /api/v1/getnews/3/ 
WARNING 2023-08-24 23:00:38,570 basehttp "GET /api/v1/getnews/3/ HTTP/1.1" 400 186 
INFO 2023-08-24 23:00:39,855 basehttp "GET /api/v1/getnews/2 HTTP/1.1" 301 0 
INFO 2023-08-24 23:00:39,865 basehttp "GET /api/v1/getnews/2/ HTTP/1.1" 200 361 
INFO 2023-08-24 23:00:42,885 basehttp "GET /api/v1/getnews/3 HTTP/1.1" 301 0 
WARNING 2023-08-24 23:00:42,892 log Bad Request: /api/v1/getnews/3/ 
WARNING 2023-08-24 23:00:42,893 basehttp "GET /api/v1/getnews/3/ HTTP/1.1" 400 186 
INFO 2023-08-24 23:01:36,251 autoreload C:\Users\afaan\Desktop\IDEAS\Ideas App\ideasApi\api\views.py changed, reloading. 
INFO 2023-08-24 23:01:37,331 autoreload Watching for file changes with StatReloader 
INFO 2023-08-24 23:01:42,662 autoreload C:\Users\afaan\Desktop\IDEAS\Ideas App\ideasApi\api\views.py changed, reloading. 
INFO 2023-08-24 23:01:43,758 autoreload Watching for file changes with StatReloader 
INFO 2023-08-24 23:01:45,493 basehttp "GET /api/v1/getnews/3 HTTP/1.1" 301 0 
WARNING 2023-08-24 23:01:45,504 log Not Found: /api/v1/getnews/3/ 
WARNING 2023-08-24 23:01:45,504 basehttp "GET /api/v1/getnews/3/ HTTP/1.1" 404 126 
INFO 2023-08-24 23:01:49,223 basehttp "GET /api/v1/getnews/1 HTTP/1.1" 301 0 
INFO 2023-08-24 23:01:49,233 basehttp "GET /api/v1/getnews/1/ HTTP/1.1" 200 357 
INFO 2023-08-24 23:02:03,960 basehttp "GET /api/v1/getnews/2 HTTP/1.1" 301 0 
INFO 2023-08-24 23:02:03,969 basehttp "GET /api/v1/getnews/2/ HTTP/1.1" 200 361 
INFO 2023-08-24 23:02:06,844 basehttp "GET /api/v1/getnews/2 HTTP/1.1" 301 0 
INFO 2023-08-24 23:02:06,854 basehttp "GET /api/v1/getnews/2/ HTTP/1.1" 200 361 
INFO 2023-08-24 23:02:32,382 basehttp "GET /api/v1/getnews/2 HTTP/1.1" 301 0 
INFO 2023-08-24 23:02:32,389 basehttp "GET /api/v1/getnews/2/ HTTP/1.1" 200 361 
INFO 2023-08-24 23:06:04,016 autoreload C:\Users\afaan\Desktop\IDEAS\Ideas App\ideasApi\api\views.py changed, reloading. 
INFO 2023-08-24 23:06:05,251 autoreload Watching for file changes with StatReloader 
INFO 2023-08-24 23:06:06,410 basehttp "GET /api/v1/getnews/2 HTTP/1.1" 301 0 
INFO 2023-08-24 23:06:06,424 basehttp "GET /api/v1/getnews/2/ HTTP/1.1" 200 382 
INFO 2023-08-24 23:06:19,325 basehttp "GET /api/v1/getnews/3 HTTP/1.1" 301 0 
WARNING 2023-08-24 23:06:19,330 log Not Found: /api/v1/getnews/3/ 
WARNING 2023-08-24 23:06:19,330 basehttp "GET /api/v1/getnews/3/ HTTP/1.1" 404 126 
INFO 2023-08-24 23:06:22,775 basehttp "GET /api/v1/getnews/1 HTTP/1.1" 301 0 
INFO 2023-08-24 23:06:22,781 basehttp "GET /api/v1/getnews/1/ HTTP/1.1" 200 378 
INFO 2023-08-24 23:06:25,023 basehttp "GET /api/v1/getnews/2 HTTP/1.1" 301 0 
INFO 2023-08-24 23:06:25,028 basehttp "GET /api/v1/getnews/2/ HTTP/1.1" 200 382 
INFO 2023-08-24 23:07:13,235 autoreload C:\Users\afaan\Desktop\IDEAS\Ideas App\ideasApi\api\views.py changed, reloading. 
INFO 2023-08-24 23:07:14,347 autoreload Watching for file changes with StatReloader 
INFO 2023-08-24 23:07:17,635 autoreload C:\Users\afaan\Desktop\IDEAS\Ideas App\ideasApi\api\views.py changed, reloading. 
INFO 2023-08-24 23:07:18,634 autoreload Watching for file changes with StatReloader 
INFO 2023-08-24 23:07:21,804 autoreload C:\Users\afaan\Desktop\IDEAS\Ideas App\ideasApi\api\views.py changed, reloading. 
INFO 2023-08-24 23:07:22,911 autoreload Watching for file changes with StatReloader 
INFO 2023-08-24 23:07:23,917 basehttp "GET /api/v1/latest-news-images/ HTTP/1.1" 200 315 
INFO 2023-08-24 23:07:32,503 basehttp "GET /media/231e7f63-1252-43c3-b949-0733c9bd25c7.png HTTP/1.1" 200 1377849 
INFO 2023-08-24 23:07:43,338 autoreload C:\Users\afaan\Desktop\IDEAS\Ideas App\ideasApi\api\views.py changed, reloading. 
INFO 2023-08-24 23:07:44,364 autoreload Watching for file changes with StatReloader 
INFO 2023-08-24 23:07:46,486 autoreload C:\Users\afaan\Desktop\IDEAS\Ideas App\ideasApi\api\views.py changed, reloading. 
INFO 2023-08-24 23:07:47,491 autoreload Watching for file changes with StatReloader 
INFO 2023-08-24 23:10:19,929 autoreload C:\Users\afaan\Desktop\IDEAS\Ideas App\ideasApi\api\views.py changed, reloading. 
INFO 2023-08-24 23:10:21,221 autoreload Watching for file changes with StatReloader 
INFO 2023-08-24 23:13:21,202 autoreload C:\Users\afaan\Desktop\IDEAS\Ideas App\ideasApi\api\views.py changed, reloading. 
INFO 2023-08-24 23:13:22,703 autoreload Watching for file changes with StatReloader 
INFO 2023-08-24 23:14:11,334 autoreload C:\Users\afaan\Desktop\IDEAS\Ideas App\ideasApi\api\views.py changed, reloading. 
INFO 2023-08-24 23:14:12,383 autoreload Watching for file changes with StatReloader 
INFO 2023-08-24 23:14:39,239 autoreload C:\Users\afaan\Desktop\IDEAS\Ideas App\ideasApi\api\views.py changed, reloading. 
INFO 2023-08-24 23:14:40,315 autoreload Watching for file changes with StatReloader 
INFO 2023-08-24 23:14:43,679 autoreload C:\Users\afaan\Desktop\IDEAS\Ideas App\ideasApi\api\views.py changed, reloading. 
INFO 2023-08-24 23:14:44,874 autoreload Watching for file changes with StatReloader 
INFO 2023-08-24 23:14:45,815 basehttp "GET /api/v1/news/AI HTTP/1.1" 301 0 
INFO 2023-08-24 23:14:45,832 basehttp "GET /api/v1/news/AI/ HTTP/1.1" 200 1135 
INFO 2023-08-24 23:15:18,549 autoreload C:\Users\afaan\Desktop\IDEAS\Ideas App\ideasApi\api\views.py changed, reloading. 
INFO 2023-08-24 23:15:19,616 autoreload Watching for file changes with StatReloader 
INFO 2023-08-24 23:15:22,052 basehttp "GET /api/v1/news/AI HTTP/1.1" 301 0 
INFO 2023-08-24 23:15:22,068 basehttp "GET /api/v1/news/AI/ HTTP/1.1" 200 602 
INFO 2023-08-24 23:16:19,817 autoreload C:\Users\afaan\Desktop\IDEAS\Ideas App\ideasApi\api\views.py changed, reloading. 
INFO 2023-08-24 23:16:21,046 autoreload Watching for file changes with StatReloader 
INFO 2023-08-24 23:16:22,393 basehttp "GET /api/v1/news/AI HTTP/1.1" 301 0 
INFO 2023-08-24 23:16:22,408 basehttp "GET /api/v1/news/AI/ HTTP/1.1" 200 1135 
INFO 2023-08-24 23:16:59,966 autoreload C:\Users\afaan\Desktop\IDEAS\Ideas App\ideasApi\api\views.py changed, reloading. 
INFO 2023-08-24 23:17:01,018 autoreload Watching for file changes with StatReloader 
INFO 2023-08-24 23:18:06,838 autoreload C:\Users\afaan\Desktop\IDEAS\Ideas App\ideasApi\api\views.py changed, reloading. 
INFO 2023-08-24 23:18:07,910 autoreload Watching for file changes with StatReloader 
INFO 2023-08-24 23:18:10,701 basehttp "GET /api/v1/news/AI HTTP/1.1" 301 0 
INFO 2023-08-24 23:18:10,715 basehttp "GET /api/v1/news/AI/ HTTP/1.1" 200 1135 
INFO 2023-08-24 23:20:08,757 autoreload C:\Users\afaan\Desktop\IDEAS\Ideas App\ideasApi\api\views.py changed, reloading. 
INFO 2023-08-24 23:20:09,944 autoreload Watching for file changes with StatReloader 
INFO 2023-08-24 23:20:10,945 basehttp "GET /api/v1/news/AI HTTP/1.1" 301 0 
INFO 2023-08-24 23:20:10,963 basehttp "GET /api/v1/news/AI/ HTTP/1.1" 200 658 
INFO 2023-08-24 23:21:14,608 autoreload C:\Users\afaan\Desktop\IDEAS\Ideas App\ideasApi\api\views.py changed, reloading. 
INFO 2023-08-24 23:21:15,746 autoreload Watching for file changes with StatReloader 
INFO 2023-08-24 23:21:18,564 basehttp "GET /api/v1/news/AI HTTP/1.1" 301 0 
INFO 2023-08-24 23:21:18,580 basehttp "GET /api/v1/news/AI/ HTTP/1.1" 200 655 
INFO 2023-08-24 23:21:29,069 autoreload C:\Users\afaan\Desktop\IDEAS\Ideas App\ideasApi\api\views.py changed, reloading. 
INFO 2023-08-24 23:21:30,242 autoreload Watching for file changes with StatReloader 
INFO 2023-08-24 23:21:32,275 basehttp "GET /api/v1/news/AI HTTP/1.1" 301 0 
INFO 2023-08-24 23:21:32,291 basehttp "GET /api/v1/news/AI/ HTTP/1.1" 200 465 
INFO 2023-08-24 23:21:40,285 basehttp "GET /api/v1/news/AI/?page=2 HTTP/1.1" 200 454 
INFO 2023-08-24 23:21:46,574 basehttp "GET /api/v1/news/AI/ HTTP/1.1" 200 465 
INFO 2023-08-24 23:21:58,403 basehttp "GET /api/v1/news/A HTTP/1.1" 301 0 
WARNING 2023-08-24 23:21:58,408 log Bad Request: /api/v1/news/A/ 
WARNING 2023-08-24 23:21:58,409 basehttp "GET /api/v1/news/A/ HTTP/1.1" 400 51 
INFO 2023-08-24 23:23:13,247 autoreload C:\Users\afaan\Desktop\IDEAS\Ideas App\ideasApi\api\views.py changed, reloading. 
INFO 2023-08-24 23:23:14,357 autoreload Watching for file changes with StatReloader 
INFO 2023-08-24 23:23:17,168 basehttp "GET /api/v1/news/A HTTP/1.1" 301 0 
WARNING 2023-08-24 23:23:17,175 log Bad Request: /api/v1/news/A/ 
WARNING 2023-08-24 23:23:17,175 basehttp "GET /api/v1/news/A/ HTTP/1.1" 400 124 
INFO 2023-08-24 23:23:20,962 basehttp "GET /api/v1/news/AI HTTP/1.1" 301 0 
INFO 2023-08-24 23:23:20,975 basehttp "GET /api/v1/news/AI/ HTTP/1.1" 200 465 
INFO 2023-08-24 23:27:00,543 autoreload C:\Users\afaan\Desktop\IDEAS\Ideas App\ideasApi\api\views.py changed, reloading. 
INFO 2023-08-24 23:27:01,600 autoreload Watching for file changes with StatReloader 
INFO 2023-08-24 23:27:15,321 basehttp "GET /api/v1/events/2 HTTP/1.1" 301 0 
WARNING 2023-08-24 23:27:15,327 log Bad Request: /api/v1/events/2/ 
WARNING 2023-08-24 23:27:15,328 basehttp "GET /api/v1/events/2/ HTTP/1.1" 400 124 
WARNING 2023-08-24 23:27:17,413 log Bad Request: /api/v1/events/ 
WARNING 2023-08-24 23:27:17,413 basehttp "GET /api/v1/events/ HTTP/1.1" 400 124 
WARNING 2023-08-24 23:27:19,330 log Bad Request: /api/v1/events/ 
WARNING 2023-08-24 23:27:19,330 basehttp "GET /api/v1/events/ HTTP/1.1" 400 124 
INFO 2023-08-24 23:27:24,062 basehttp "GET /api/v1/investments/ HTTP/1.1" 200 391 
INFO 2023-08-24 23:27:36,020 basehttp "GET /api/v1/investments/AI HTTP/1.1" 301 0 
INFO 2023-08-24 23:27:36,030 basehttp "GET /api/v1/investments/AI/ HTTP/1.1" 200 391 
INFO 2023-08-24 23:27:37,778 basehttp "GET /api/v1/investments/A HTTP/1.1" 301 0 
WARNING 2023-08-24 23:27:37,783 log Bad Request: /api/v1/investments/A/ 
WARNING 2023-08-24 23:27:37,784 basehttp "GET /api/v1/investments/A/ HTTP/1.1" 400 124 
INFO 2023-08-24 23:27:39,426 basehttp "GET /api/v1/investments/ HTTP/1.1" 200 391 
INFO 2023-08-24 23:27:51,200 basehttp "GET /api/v1/news/AI HTTP/1.1" 301 0 
INFO 2023-08-24 23:27:51,208 basehttp "GET /api/v1/news/AI/ HTTP/1.1" 200 465 
INFO 2023-08-24 23:28:30,155 basehttp "GET /api/v1/news/A HTTP/1.1" 301 0 
WARNING 2023-08-24 23:28:30,161 log Bad Request: /api/v1/news/A/ 
WARNING 2023-08-24 23:28:30,161 basehttp "GET /api/v1/news/A/ HTTP/1.1" 400 124 
INFO 2023-08-24 23:28:35,013 basehttp "GET /api/v1/events/A HTTP/1.1" 301 0 
WARNING 2023-08-24 23:28:35,018 log Bad Request: /api/v1/events/A/ 
WARNING 2023-08-24 23:28:35,018 basehttp "GET /api/v1/events/A/ HTTP/1.1" 400 124 
WARNING 2023-08-24 23:28:36,596 log Bad Request: /api/v1/events/ 
WARNING 2023-08-24 23:28:36,597 basehttp "GET /api/v1/events/ HTTP/1.1" 400 124 
INFO 2023-08-24 23:28:56,835 basehttp "GET /api/v1/news/ HTTP/1.1" 200 462 
INFO 2023-08-24 23:29:27,165 basehttp "GET /api/v1/getnews/22 HTTP/1.1" 301 0 
WARNING 2023-08-24 23:29:27,171 log Not Found: /api/v1/getnews/22/ 
WARNING 2023-08-24 23:29:27,171 basehttp "GET /api/v1/getnews/22/ HTTP/1.1" 404 126 
INFO 2023-08-24 23:29:29,244 basehttp "GET /api/v1/getnews/2 HTTP/1.1" 301 0 
INFO 2023-08-24 23:29:29,250 basehttp "GET /api/v1/getnews/2/ HTTP/1.1" 200 382 
INFO 2023-08-24 23:31:07,792 autoreload C:\Users\afaan\Desktop\IDEAS\Ideas App\ideasApi\api\views.py changed, reloading. 
INFO 2023-08-24 23:31:08,942 autoreload Watching for file changes with StatReloader 
INFO 2023-08-24 23:31:10,840 basehttp "GET /api/v1/getnews/2 HTTP/1.1" 301 0 
INFO 2023-08-24 23:31:10,856 basehttp "GET /api/v1/getnews/2/ HTTP/1.1" 200 368 
INFO 2023-08-24 23:31:30,510 basehttp "GET /api/v1/getnews/22 HTTP/1.1" 301 0 
WARNING 2023-08-24 23:31:30,516 log Not Found: /api/v1/getnews/22/ 
WARNING 2023-08-24 23:31:30,516 basehttp "GET /api/v1/getnews/22/ HTTP/1.1" 404 126 
INFO 2023-08-24 23:31:32,393 basehttp "GET /api/v1/getnews/2 HTTP/1.1" 301 0 
INFO 2023-08-24 23:31:32,402 basehttp "GET /api/v1/getnews/2/ HTTP/1.1" 200 368 
INFO 2023-08-24 23:31:39,341 basehttp "GET /api/v1/getnews/22 HTTP/1.1" 301 0 
WARNING 2023-08-24 23:31:39,346 log Not Found: /api/v1/getnews/22/ 
WARNING 2023-08-24 23:31:39,346 basehttp "GET /api/v1/getnews/22/ HTTP/1.1" 404 126 
INFO 2023-08-24 23:31:45,204 basehttp "GET /api/v1/getnews/2 HTTP/1.1" 301 0 
INFO 2023-08-24 23:31:45,213 basehttp "GET /api/v1/getnews/2/ HTTP/1.1" 200 368 
INFO 2023-08-24 23:31:47,383 basehttp "GET /api/v1/getnews/2/ HTTP/1.1" 200 368 
INFO 2023-08-24 23:32:02,527 basehttp "GET /admin/ideasApi/events/ HTTP/1.1" 200 12921 
INFO 2023-08-24 23:32:02,585 basehttp "GET /admin/jsi18n/ HTTP/1.1" 200 3343 
INFO 2023-08-24 23:32:04,561 basehttp "GET /admin/ideasApi/events/add/ HTTP/1.1" 200 17312 
INFO 2023-08-24 23:32:04,627 basehttp "GET /admin/jsi18n/ HTTP/1.1" 200 3343 
WARNING 2023-08-24 23:32:08,194 log Not Found: /favicon.ico 
WARNING 2023-08-24 23:32:08,195 basehttp "GET /favicon.ico HTTP/1.1" 404 2450 
WARNING 2023-08-24 23:32:08,811 log Not Found: /favicon.ico 
WARNING 2023-08-24 23:32:08,811 basehttp "GET /favicon.ico HTTP/1.1" 404 2450 
INFO 2023-08-24 23:32:08,812 basehttp - Broken pipe from ('127.0.0.1', 64418) 
INFO 2023-08-24 23:32:30,734 basehttp "POST /admin/ideasApi/events/add/ HTTP/1.1" 302 0 
INFO 2023-08-24 23:32:30,771 basehttp "GET /admin/ideasApi/events/ HTTP/1.1" 200 16405 
INFO 2023-08-24 23:32:30,802 basehttp "GET /admin/jsi18n/ HTTP/1.1" 200 3343 
INFO 2023-08-24 23:32:40,115 basehttp "GET /api/v1/events/ HTTP/1.1" 200 485 
INFO 2023-08-24 23:33:01,432 basehttp "GET /api/v1/events/AI HTTP/1.1" 301 0 
INFO 2023-08-24 23:33:01,443 basehttp "GET /api/v1/events/AI/ HTTP/1.1" 200 485 
INFO 2023-08-24 23:33:09,367 basehttp "GET /api/v1/events/A HTTP/1.1" 301 0 
WARNING 2023-08-24 23:33:09,372 log Bad Request: /api/v1/events/A/ 
WARNING 2023-08-24 23:33:09,372 basehttp "GET /api/v1/events/A/ HTTP/1.1" 400 124 
INFO 2023-08-24 23:35:40,701 autoreload C:\Users\afaan\Desktop\IDEAS\Ideas App\ideasApi\api\views.py changed, reloading. 
INFO 2023-08-24 23:35:42,106 autoreload Watching for file changes with StatReloader 
INFO 2023-08-24 23:35:45,387 autoreload C:\Users\afaan\Desktop\IDEAS\Ideas App\ideasApi\api\views.py changed, reloading. 
INFO 2023-08-24 23:35:46,481 autoreload Watching for file changes with StatReloader 
INFO 2023-08-24 23:35:49,860 basehttp "GET /api/v1/events/ HTTP/1.1" 200 485 
INFO 2023-08-24 23:35:54,767 basehttp "GET /api/v1/getevents/1/ HTTP/1.1" 200 364 
INFO 2023-08-24 23:36:46,889 basehttp "GET /api/v1/getinvestments/1/ HTTP/1.1" 200 336 
INFO 2023-08-24 23:36:54,498 basehttp "GET /api/v1/getinvestments/1 HTTP/1.1" 301 0 
INFO 2023-08-24 23:36:54,504 basehttp "GET /api/v1/getinvestments/1/ HTTP/1.1" 200 336 
INFO 2023-08-24 23:36:55,915 basehttp "GET /api/v1/getinvestments/3 HTTP/1.1" 301 0 
WARNING 2023-08-24 23:36:55,920 log Not Found: /api/v1/getinvestments/3/ 
WARNING 2023-08-24 23:36:55,921 basehttp "GET /api/v1/getinvestments/3/ HTTP/1.1" 404 132 
INFO 2023-08-24 23:36:57,428 basehttp "GET /api/v1/getinvestments/2 HTTP/1.1" 301 0 
WARNING 2023-08-24 23:36:57,433 log Not Found: /api/v1/getinvestments/2/ 
WARNING 2023-08-24 23:36:57,433 basehttp "GET /api/v1/getinvestments/2/ HTTP/1.1" 404 132 
INFO 2023-08-24 23:36:59,439 basehttp "GET /api/v1/getinvestments/1 HTTP/1.1" 301 0 
INFO 2023-08-24 23:36:59,446 basehttp "GET /api/v1/getinvestments/1/ HTTP/1.1" 200 336 
INFO 2023-08-24 23:38:08,066 autoreload C:\Users\afaan\Desktop\IDEAS\Ideas App\ideasApi\api\views.py changed, reloading. 
INFO 2023-08-24 23:38:09,187 autoreload Watching for file changes with StatReloader 
INFO 2023-08-24 23:38:13,457 basehttp "GET /api/v1/events/A HTTP/1.1" 301 0 
WARNING 2023-08-24 23:38:13,465 log Bad Request: /api/v1/events/A/ 
WARNING 2023-08-24 23:38:13,466 basehttp "GET /api/v1/events/A/ HTTP/1.1" 400 124 
INFO 2023-08-24 23:38:23,053 basehttp "GET /api/v1/getevents/1/ HTTP/1.1" 200 430 
WARNING 2023-08-24 23:38:29,819 log Not Found: /api/v1/getevents/3/ 
WARNING 2023-08-24 23:38:29,819 basehttp "GET /api/v1/getevents/3/ HTTP/1.1" 404 127 
INFO 2023-08-24 23:38:31,790 basehttp "GET /api/v1/getevents/1/ HTTP/1.1" 200 430 
INFO 2023-08-24 23:38:38,900 basehttp "GET /api/v1/upcoming-events/ HTTP/1.1" 200 95 
INFO 2023-08-24 23:41:20,445 autoreload C:\Users\afaan\Desktop\IDEAS\Ideas App\ideasApi\api\views.py changed, reloading. 
INFO 2023-08-24 23:41:21,573 autoreload Watching for file changes with StatReloader 
INFO 2023-08-24 23:41:43,082 autoreload C:\Users\afaan\Desktop\IDEAS\Ideas App\ideasApi\api\views.py changed, reloading. 
INFO 2023-08-24 23:41:44,067 autoreload Watching for file changes with StatReloader 
INFO 2023-08-24 23:41:49,399 autoreload C:\Users\afaan\Desktop\IDEAS\Ideas App\ideasApi\api\views.py changed, reloading. 
INFO 2023-08-24 23:41:50,458 autoreload Watching for file changes with StatReloader 
INFO 2023-08-24 23:41:51,916 basehttp "GET /api/v1/upcoming-events/ HTTP/1.1" 200 124 
INFO 2023-08-24 23:42:14,732 basehttp "GET /admin/ideasApi/events/2/change/ HTTP/1.1" 200 18064 
INFO 2023-08-24 23:42:14,771 basehttp "GET /admin/jsi18n/ HTTP/1.1" 200 3343 
WARNING 2023-08-24 23:42:18,251 log Not Found: /favicon.ico 
WARNING 2023-08-24 23:42:18,252 basehttp "GET /favicon.ico HTTP/1.1" 404 2450 
WARNING 2023-08-24 23:42:18,944 log Not Found: /favicon.ico 
WARNING 2023-08-24 23:42:18,945 basehttp "GET /favicon.ico HTTP/1.1" 404 2450 
INFO 2023-08-24 23:42:20,068 basehttp "POST /admin/ideasApi/events/2/change/ HTTP/1.1" 302 0 
INFO 2023-08-24 23:42:20,116 basehttp "GET /admin/ideasApi/events/ HTTP/1.1" 200 16408 
INFO 2023-08-24 23:42:20,148 basehttp "GET /admin/jsi18n/ HTTP/1.1" 200 3343 
INFO 2023-08-24 23:42:22,907 basehttp "GET /api/v1/upcoming-events/ HTTP/1.1" 200 452 
INFO 2023-08-24 23:42:36,463 autoreload C:\Users\afaan\Desktop\IDEAS\Ideas App\ideasApi\api\views.py changed, reloading. 
INFO 2023-08-24 23:42:37,667 autoreload Watching for file changes with StatReloader 
INFO 2023-08-24 23:42:38,903 basehttp "GET /api/v1/upcoming-events/ HTTP/1.1" 200 432 
INFO 2023-08-24 13:14:05,418 autoreload Watching for file changes with StatReloader 
INFO 2023-08-24 13:14:27,319 autoreload Watching for file changes with StatReloader 
WARNING 2023-08-24 13:14:30,264 log Not Found: / 
WARNING 2023-08-24 13:14:30,265 basehttp "GET / HTTP/1.1" 404 2399 
INFO 2023-08-24 13:14:34,108 basehttp "GET /admin/ HTTP/1.1" 302 0 
INFO 2023-08-24 13:14:34,153 basehttp "GET /admin/login/?next=/admin/ HTTP/1.1" 200 4186 
INFO 2023-08-24 13:14:34,248 basehttp "GET /static/admin/js/theme.js HTTP/1.1" 304 0 
INFO 2023-08-24 13:14:34,248 basehttp "GET /static/admin/css/dark_mode.css HTTP/1.1" 304 0 
INFO 2023-08-24 13:14:34,255 basehttp "GET /static/admin/css/base.css HTTP/1.1" 304 0 
INFO 2023-08-24 13:14:34,257 basehttp "GET /static/admin/js/nav_sidebar.js HTTP/1.1" 304 0 
INFO 2023-08-24 13:14:34,257 basehttp "GET /static/admin/css/responsive.css HTTP/1.1" 304 0 
INFO 2023-08-24 13:14:34,258 basehttp "GET /static/admin/css/login.css HTTP/1.1" 304 0 
INFO 2023-08-24 13:14:34,262 basehttp "GET /static/admin/css/nav_sidebar.css HTTP/1.1" 304 0 
INFO 2023-08-24 13:14:37,100 basehttp "POST /admin/login/?next=/admin/ HTTP/1.1" 200 4347 
INFO 2023-08-24 13:15:25,840 autoreload Watching for file changes with StatReloader 
INFO 2023-08-24 13:15:30,419 basehttp "POST /admin/login/?next=/admin/ HTTP/1.1" 302 0 
INFO 2023-08-24 13:15:30,538 basehttp "GET /admin/ HTTP/1.1" 200 9905 
INFO 2023-08-24 13:15:30,619 basehttp "GET /static/admin/css/dashboard.css HTTP/1.1" 304 0 
INFO 2023-08-24 13:15:30,715 basehttp "GET /static/admin/img/icon-addlink.svg HTTP/1.1" 304 0 
INFO 2023-08-24 13:15:30,734 basehttp "GET /static/admin/img/icon-changelink.svg HTTP/1.1" 304 0 
INFO 2023-08-24 13:15:33,475 basehttp "GET /admin/auth/user/ HTTP/1.1" 200 13616 
INFO 2023-08-24 13:15:33,532 basehttp "GET /static/admin/img/search.svg HTTP/1.1" 304 0 
INFO 2023-08-24 13:15:33,534 basehttp "GET /static/admin/img/icon-yes.svg HTTP/1.1" 304 0 
INFO 2023-08-24 13:15:33,537 basehttp "GET /static/admin/css/changelists.css HTTP/1.1" 304 0 
INFO 2023-08-24 13:15:33,545 basehttp "GET /static/admin/js/urlify.js HTTP/1.1" 200 7887 
INFO 2023-08-24 13:15:33,546 basehttp "GET /static/admin/js/core.js HTTP/1.1" 200 5682 
INFO 2023-08-24 13:15:33,547 basehttp "GET /static/admin/js/vendor/jquery/jquery.js HTTP/1.1" 304 0 
INFO 2023-08-24 13:15:33,549 basehttp "GET /static/admin/js/jquery.init.js HTTP/1.1" 200 347 
INFO 2023-08-24 13:15:33,551 basehttp "GET /static/admin/js/admin/RelatedObjectLookups.js HTTP/1.1" 200 8943 
INFO 2023-08-24 13:15:33,554 basehttp "GET /static/admin/js/actions.js HTTP/1.1" 200 7872 
INFO 2023-08-24 13:15:33,575 basehttp "GET /admin/jsi18n/ HTTP/1.1" 200 3343 
INFO 2023-08-24 13:15:33,577 basehttp "GET /static/admin/js/prepopulate.js HTTP/1.1" 200 1531 
INFO 2023-08-24 13:15:33,582 basehttp "GET /static/admin/js/vendor/xregexp/xregexp.js HTTP/1.1" 200 232381 
INFO 2023-08-24 13:15:33,588 basehttp "GET /static/admin/js/filters.js HTTP/1.1" 200 978 
INFO 2023-08-24 13:15:33,662 basehttp "GET /static/admin/img/tooltag-add.svg HTTP/1.1" 304 0 
INFO 2023-08-24 13:15:33,662 basehttp "GET /static/admin/img/sorting-icons.svg HTTP/1.1" 304 0 
